# JRE version: Java(TM) SE Runtime Environment (8.0_77-b03) (build 1.8.0_77-b03)
# Java VM: Java HotSpot(TM) 64-Bit Server VM (25.77-b03 mixed mode linux-amd64 compressed oops)
Heap:
 PSYoungGen      total 156160K, used 14326K [0x00000000eab00000, 0x00000000f6000000, 0x0000000100000000)
  eden space 141824K, 0% used [0x00000000eab00000,0x00000000eab00000,0x00000000f3580000)
  from space 14336K, 99% used [0x00000000f3580000,0x00000000f437d8d8,0x00000000f4380000)
  to   space 13312K, 0% used [0x00000000f4380000,0x00000000f4380000,0x00000000f5080000)
 ParOldGen       total 57344K, used 20798K [0x00000000c0000000, 0x00000000c3800000, 0x00000000eab00000)
  object space 57344K, 36% used [0x00000000c0000000,0x00000000c144fa68,0x00000000c3800000)
 Metaspace       used 39607K, capacity 40577K, committed 40832K, reserved 1085440K
  class space    used 5375K, capacity 5634K, committed 5760K, reserved 1048576K
GC Heap History (10 events):
Event: 7,650 GC heap after
Heap after GC invocations=10 (full 1):
 PSYoungGen      total 98304K, used 3575K [0x00000000eab00000, 0x00000000f2d00000, 0x0000000100000000)
  eden space 89088K, 0% used [0x00000000eab00000,0x00000000eab00000,0x00000000f0200000)
  from space 9216K, 38% used [0x00000000f0200000,0x00000000f057dff0,0x00000000f0b00000)
  to   space 8704K, 0% used [0x00000000f2480000,0x00000000f2480000,0x00000000f2d00000)
 ParOldGen       total 40448K, used 9516K [0x00000000c0000000, 0x00000000c2780000, 0x00000000eab00000)
  object space 40448K, 23% used [0x00000000c0000000,0x00000000c094b2e0,0x00000000c2780000)
 Metaspace       used 22267K, capacity 22700K, committed 23040K, reserved 1069056K
  class space    used 2909K, capacity 3008K, committed 3072K, reserved 1048576K
}
Event: 9,844 GC heap before
{Heap before GC invocations=11 (full 1):
 PSYoungGen      total 98304K, used 92663K [0x00000000eab00000, 0x00000000f2d00000, 0x0000000100000000)
  eden space 89088K, 100% used [0x00000000eab00000,0x00000000f0200000,0x00000000f0200000)
  from space 9216K, 38% used [0x00000000f0200000,0x00000000f057dff0,0x00000000f0b00000)
  to   space 8704K, 0% used [0x00000000f2480000,0x00000000f2480000,0x00000000f2d00000)
 ParOldGen       total 40448K, used 9516K [0x00000000c0000000, 0x00000000c2780000, 0x00000000eab00000)
  object space 40448K, 23% used [0x00000000c0000000,0x00000000c094b2e0,0x00000000c2780000)
 Metaspace       used 29604K, capacity 30352K, committed 30592K, reserved 1075200K
  class space    used 4008K, capacity 4212K, committed 4224K, reserved 1048576K
Event: 9,868 GC heap after
Heap after GC invocations=11 (full 1):
 PSYoungGen      total 121856K, used 8702K [0x00000000eab00000, 0x00000000f3100000, 0x0000000100000000)
  eden space 113152K, 0% used [0x00000000eab00000,0x00000000eab00000,0x00000000f1980000)
  from space 8704K, 99% used [0x00000000f2480000,0x00000000f2cff800,0x00000000f2d00000)
  to   space 11264K, 0% used [0x00000000f1980000,0x00000000f1980000,0x00000000f2480000)
 ParOldGen       total 40448K, used 11953K [0x00000000c0000000, 0x00000000c2780000, 0x00000000eab00000)
  object space 40448K, 29% used [0x00000000c0000000,0x00000000c0bac6a0,0x00000000c2780000)
 Metaspace       used 29604K, capacity 30352K, committed 30592K, reserved 1075200K
  class space    used 4008K, capacity 4212K, committed 4224K, reserved 1048576K
}
Event: 14,111 GC heap before
{Heap before GC invocations=12 (full 1):
 PSYoungGen      total 121856K, used 121854K [0x00000000eab00000, 0x00000000f3100000, 0x0000000100000000)
  eden space 113152K, 100% used [0x00000000eab00000,0x00000000f1980000,0x00000000f1980000)
  from space 8704K, 99% used [0x00000000f2480000,0x00000000f2cff800,0x00000000f2d00000)
  to   space 11264K, 0% used [0x00000000f1980000,0x00000000f1980000,0x00000000f2480000)
 ParOldGen       total 40448K, used 11953K [0x00000000c0000000, 0x00000000c2780000, 0x00000000eab00000)
  object space 40448K, 29% used [0x00000000c0000000,0x00000000c0bac6a0,0x00000000c2780000)
 Metaspace       used 33150K, capacity 34018K, committed 34176K, reserved 1079296K
  class space    used 4428K, capacity 4664K, committed 4736K, reserved 1048576K
Event: 14,147 GC heap after
Heap after GC invocations=12 (full 1):
 PSYoungGen      total 124416K, used 11255K [0x00000000eab00000, 0x00000000f5080000, 0x0000000100000000)
  eden space 113152K, 0% used [0x00000000eab00000,0x00000000eab00000,0x00000000f1980000)
  from space 11264K, 99% used [0x00000000f1980000,0x00000000f247df70,0x00000000f2480000)
  to   space 13312K, 0% used [0x00000000f4380000,0x00000000f4380000,0x00000000f5080000)
 ParOldGen       total 40448K, used 12935K [0x00000000c0000000, 0x00000000c2780000, 0x00000000eab00000)
  object space 40448K, 31% used [0x00000000c0000000,0x00000000c0ca1ca0,0x00000000c2780000)
 Metaspace       used 33150K, capacity 34018K, committed 34176K, reserved 1079296K
  class space    used 4428K, capacity 4664K, committed 4736K, reserved 1048576K
}
Event: 15,083 GC heap before
{Heap before GC invocations=13 (full 1):
 PSYoungGen      total 124416K, used 30950K [0x00000000eab00000, 0x00000000f5080000, 0x0000000100000000)
  eden space 113152K, 17% used [0x00000000eab00000,0x00000000ebe3baf0,0x00000000f1980000)
  from space 11264K, 99% used [0x00000000f1980000,0x00000000f247df70,0x00000000f2480000)
  to   space 13312K, 0% used [0x00000000f4380000,0x00000000f4380000,0x00000000f5080000)
 ParOldGen       total 40448K, used 12935K [0x00000000c0000000, 0x00000000c2780000, 0x00000000eab00000)
  object space 40448K, 31% used [0x00000000c0000000,0x00000000c0ca1ca0,0x00000000c2780000)
 Metaspace       used 34576K, capacity 35403K, committed 35496K, reserved 1079296K
  class space    used 4648K, capacity 4864K, committed 4864K, reserved 1048576K
Event: 15,166 GC heap after
Heap after GC invocations=13 (full 1):
 PSYoungGen      total 155136K, used 10741K [0x00000000eab00000, 0x00000000f6000000, 0x0000000100000000)
  eden space 141824K, 0% used [0x00000000eab00000,0x00000000eab00000,0x00000000f3580000)
  from space 13312K, 80% used [0x00000000f4380000,0x00000000f4dfd7c8,0x00000000f5080000)
  to   space 14336K, 0% used [0x00000000f3580000,0x00000000f3580000,0x00000000f4380000)
 ParOldGen       total 40448K, used 13679K [0x00000000c0000000, 0x00000000c2780000, 0x00000000eab00000)
  object space 40448K, 33% used [0x00000000c0000000,0x00000000c0d5bcf0,0x00000000c2780000)
 Metaspace       used 34576K, capacity 35403K, committed 35496K, reserved 1079296K
  class space    used 4648K, capacity 4864K, committed 4864K, reserved 1048576K
}
Event: 15,166 GC heap before
{Heap before GC invocations=14 (full 2):
 PSYoungGen      total 155136K, used 10741K [0x00000000eab00000, 0x00000000f6000000, 0x0000000100000000)
  eden space 141824K, 0% used [0x00000000eab00000,0x00000000eab00000,0x00000000f3580000)
  from space 13312K, 80% used [0x00000000f4380000,0x00000000f4dfd7c8,0x00000000f5080000)
  to   space 14336K, 0% used [0x00000000f3580000,0x00000000f3580000,0x00000000f4380000)
 ParOldGen       total 40448K, used 13679K [0x00000000c0000000, 0x00000000c2780000, 0x00000000eab00000)
  object space 40448K, 33% used [0x00000000c0000000,0x00000000c0d5bcf0,0x00000000c2780000)
 Metaspace       used 34576K, capacity 35403K, committed 35496K, reserved 1079296K
  class space    used 4648K, capacity 4864K, committed 4864K, reserved 1048576K
Event: 15,346 GC heap after
Heap after GC invocations=14 (full 2):
 PSYoungGen      total 155136K, used 0K [0x00000000eab00000, 0x00000000f6000000, 0x0000000100000000)
  eden space 141824K, 0% used [0x00000000eab00000,0x00000000eab00000,0x00000000f3580000)
  from space 13312K, 0% used [0x00000000f4380000,0x00000000f4380000,0x00000000f5080000)
  to   space 14336K, 0% used [0x00000000f3580000,0x00000000f3580000,0x00000000f4380000)
 ParOldGen       total 57344K, used 17830K [0x00000000c0000000, 0x00000000c3800000, 0x00000000eab00000)
  object space 57344K, 31% used [0x00000000c0000000,0x00000000c11698a8,0x00000000c3800000)
 Metaspace       used 34491K, capacity 35221K, committed 35496K, reserved 1079296K
  class space    used 4622K, capacity 4806K, committed 4864K, reserved 1048576K
}
Event: 22,082 GC heap before
{Heap before GC invocations=15 (full 2):
 PSYoungGen      total 155136K, used 141824K [0x00000000eab00000, 0x00000000f6000000, 0x0000000100000000)
  eden space 141824K, 100% used [0x00000000eab00000,0x00000000f3580000,0x00000000f3580000)
  from space 13312K, 0% used [0x00000000f4380000,0x00000000f4380000,0x00000000f5080000)
  to   space 14336K, 0% used [0x00000000f3580000,0x00000000f3580000,0x00000000f4380000)
 ParOldGen       total 57344K, used 17830K [0x00000000c0000000, 0x00000000c3800000, 0x00000000eab00000)
  object space 57344K, 31% used [0x00000000c0000000,0x00000000c11698a8,0x00000000c3800000)
 Metaspace       used 39607K, capacity 40577K, committed 40832K, reserved 1085440K
  class space    used 5375K, capacity 5634K, committed 5760K, reserved 1048576K

